2024-11-25 19:14:02,417 [Worker-5: Loading available Gradle versions] INFO  o.e.b.c.i.u.g.PublishedGradleVersions - Gradle version information cache is out-of-date. Trying to update.
2024-11-26 17:56:06,011 [Worker-6: Loading available Gradle versions] INFO  o.e.b.c.i.u.g.PublishedGradleVersions - Gradle version information cache is up-to-date. Trying to read.
2024-11-27 18:10:32,909 [Worker-5: Loading available Gradle versions] INFO  o.e.b.c.i.u.g.PublishedGradleVersions - Gradle version information cache is out-of-date. Trying to update.
2024-12-02 15:32:19,743 [Worker-5: Loading available Gradle versions] INFO  o.e.b.c.i.u.g.PublishedGradleVersions - Gradle version information cache is out-of-date. Trying to update.
2024-12-03 09:58:36,797 [Worker-6: Loading available Gradle versions] INFO  o.e.b.c.i.u.g.PublishedGradleVersions - Gradle version information cache is up-to-date. Trying to read.
2025-06-11 09:56:22,819 [Worker-9: Loading available Gradle versions] INFO  o.e.b.c.i.u.g.PublishedGradleVersions - Gradle version information cache is out-of-date. Trying to update.
2025-06-11 10:12:36,161 [Worker-10: Launching mavenrun-dcf9edba-cba8-4747-a5f0-44b6afb631ba] INFO  o.eclipse.m2e.core.internal.Bundles - getClasspathEntries(Bundle=org.eclipse.m2e.maven.runtime_3.9.900.20240824-1409 [299])
2025-06-11 10:12:36,165 [Worker-10: Launching mavenrun-dcf9edba-cba8-4747-a5f0-44b6afb631ba] INFO  o.eclipse.m2e.core.internal.Bundles - 	Entry: C:\Users\admin\.p2\pool\plugins\org.eclipse.m2e.maven.runtime_3.9.900.20240824-1409
2025-06-11 10:12:36,165 [Worker-10: Launching mavenrun-dcf9edba-cba8-4747-a5f0-44b6afb631ba] INFO  o.eclipse.m2e.core.internal.Bundles - 	Entry: C:\Users\admin\.p2\pool\plugins\org.eclipse.m2e.maven.runtime_3.9.900.20240824-1409\jars\aopalliance-1.0.jar
2025-06-11 10:12:36,165 [Worker-10: Launching mavenrun-dcf9edba-cba8-4747-a5f0-44b6afb631ba] INFO  o.eclipse.m2e.core.internal.Bundles - 	Entry: C:\Users\admin\.p2\pool\plugins\org.eclipse.m2e.maven.runtime_3.9.900.20240824-1409\jars\guice-5.1.0.jar
2025-06-11 10:12:36,167 [Worker-10: Launching mavenrun-dcf9edba-cba8-4747-a5f0-44b6afb631ba] INFO  o.eclipse.m2e.core.internal.Bundles - 	Entry: C:\Users\admin\.p2\pool\plugins\org.eclipse.m2e.maven.runtime_3.9.900.20240824-1409\jars\httpclient-4.5.14.jar
2025-06-11 10:12:36,167 [Worker-10: Launching mavenrun-dcf9edba-cba8-4747-a5f0-44b6afb631ba] INFO  o.eclipse.m2e.core.internal.Bundles - 	Entry: C:\Users\admin\.p2\pool\plugins\org.eclipse.m2e.maven.runtime_3.9.900.20240824-1409\jars\httpcore-4.4.16.jar
2025-06-11 10:12:36,167 [Worker-10: Launching mavenrun-dcf9edba-cba8-4747-a5f0-44b6afb631ba] INFO  o.eclipse.m2e.core.internal.Bundles - 	Entry: C:\Users\admin\.p2\pool\plugins\org.eclipse.m2e.maven.runtime_3.9.900.20240824-1409\jars\jansi-2.4.1.jar
2025-06-11 10:12:36,167 [Worker-10: Launching mavenrun-dcf9edba-cba8-4747-a5f0-44b6afb631ba] INFO  o.eclipse.m2e.core.internal.Bundles - 	Entry: C:\Users\admin\.p2\pool\plugins\org.eclipse.m2e.maven.runtime_3.9.900.20240824-1409\jars\jcl-over-slf4j-1.7.36.jar
2025-06-11 10:12:36,167 [Worker-10: Launching mavenrun-dcf9edba-cba8-4747-a5f0-44b6afb631ba] INFO  o.eclipse.m2e.core.internal.Bundles - 	Entry: C:\Users\admin\.p2\pool\plugins\org.eclipse.m2e.maven.runtime_3.9.900.20240824-1409\jars\maven-artifact-3.9.9.jar
2025-06-11 10:12:36,167 [Worker-10: Launching mavenrun-dcf9edba-cba8-4747-a5f0-44b6afb631ba] INFO  o.eclipse.m2e.core.internal.Bundles - 	Entry: C:\Users\admin\.p2\pool\plugins\org.eclipse.m2e.maven.runtime_3.9.900.20240824-1409\jars\maven-builder-support-3.9.9.jar
2025-06-11 10:12:36,168 [Worker-10: Launching mavenrun-dcf9edba-cba8-4747-a5f0-44b6afb631ba] INFO  o.eclipse.m2e.core.internal.Bundles - 	Entry: C:\Users\admin\.p2\pool\plugins\org.eclipse.m2e.maven.runtime_3.9.900.20240824-1409\jars\maven-compat-3.9.9.jar
2025-06-11 10:12:36,168 [Worker-10: Launching mavenrun-dcf9edba-cba8-4747-a5f0-44b6afb631ba] INFO  o.eclipse.m2e.core.internal.Bundles - 	Entry: C:\Users\admin\.p2\pool\plugins\org.eclipse.m2e.maven.runtime_3.9.900.20240824-1409\jars\maven-core-3.9.9.jar
2025-06-11 10:12:36,168 [Worker-10: Launching mavenrun-dcf9edba-cba8-4747-a5f0-44b6afb631ba] INFO  o.eclipse.m2e.core.internal.Bundles - 	Entry: C:\Users\admin\.p2\pool\plugins\org.eclipse.m2e.maven.runtime_3.9.900.20240824-1409\jars\maven-embedder-3.9.9.jar
2025-06-11 10:12:36,168 [Worker-10: Launching mavenrun-dcf9edba-cba8-4747-a5f0-44b6afb631ba] INFO  o.eclipse.m2e.core.internal.Bundles - 	Entry: C:\Users\admin\.p2\pool\plugins\org.eclipse.m2e.maven.runtime_3.9.900.20240824-1409\jars\maven-model-3.9.9.jar
2025-06-11 10:12:36,169 [Worker-10: Launching mavenrun-dcf9edba-cba8-4747-a5f0-44b6afb631ba] INFO  o.eclipse.m2e.core.internal.Bundles - 	Entry: C:\Users\admin\.p2\pool\plugins\org.eclipse.m2e.maven.runtime_3.9.900.20240824-1409\jars\maven-model-builder-3.9.9.jar
2025-06-11 10:12:36,169 [Worker-10: Launching mavenrun-dcf9edba-cba8-4747-a5f0-44b6afb631ba] INFO  o.eclipse.m2e.core.internal.Bundles - 	Entry: C:\Users\admin\.p2\pool\plugins\org.eclipse.m2e.maven.runtime_3.9.900.20240824-1409\jars\maven-plugin-api-3.9.9.jar
2025-06-11 10:12:36,169 [Worker-10: Launching mavenrun-dcf9edba-cba8-4747-a5f0-44b6afb631ba] INFO  o.eclipse.m2e.core.internal.Bundles - 	Entry: C:\Users\admin\.p2\pool\plugins\org.eclipse.m2e.maven.runtime_3.9.900.20240824-1409\jars\maven-repository-metadata-3.9.9.jar
2025-06-11 10:12:36,169 [Worker-10: Launching mavenrun-dcf9edba-cba8-4747-a5f0-44b6afb631ba] INFO  o.eclipse.m2e.core.internal.Bundles - 	Entry: C:\Users\admin\.p2\pool\plugins\org.eclipse.m2e.maven.runtime_3.9.900.20240824-1409\jars\maven-resolver-api-1.9.22.jar
2025-06-11 10:12:36,169 [Worker-10: Launching mavenrun-dcf9edba-cba8-4747-a5f0-44b6afb631ba] INFO  o.eclipse.m2e.core.internal.Bundles - 	Entry: C:\Users\admin\.p2\pool\plugins\org.eclipse.m2e.maven.runtime_3.9.900.20240824-1409\jars\maven-resolver-connector-basic-1.9.22.jar
2025-06-11 10:12:36,169 [Worker-10: Launching mavenrun-dcf9edba-cba8-4747-a5f0-44b6afb631ba] INFO  o.eclipse.m2e.core.internal.Bundles - 	Entry: C:\Users\admin\.p2\pool\plugins\org.eclipse.m2e.maven.runtime_3.9.900.20240824-1409\jars\maven-resolver-impl-1.9.22.jar
2025-06-11 10:12:36,169 [Worker-10: Launching mavenrun-dcf9edba-cba8-4747-a5f0-44b6afb631ba] INFO  o.eclipse.m2e.core.internal.Bundles - 	Entry: C:\Users\admin\.p2\pool\plugins\org.eclipse.m2e.maven.runtime_3.9.900.20240824-1409\jars\maven-resolver-named-locks-1.9.22.jar
2025-06-11 10:12:36,169 [Worker-10: Launching mavenrun-dcf9edba-cba8-4747-a5f0-44b6afb631ba] INFO  o.eclipse.m2e.core.internal.Bundles - 	Entry: C:\Users\admin\.p2\pool\plugins\org.eclipse.m2e.maven.runtime_3.9.900.20240824-1409\jars\maven-resolver-provider-3.9.9.jar
2025-06-11 10:12:36,169 [Worker-10: Launching mavenrun-dcf9edba-cba8-4747-a5f0-44b6afb631ba] INFO  o.eclipse.m2e.core.internal.Bundles - 	Entry: C:\Users\admin\.p2\pool\plugins\org.eclipse.m2e.maven.runtime_3.9.900.20240824-1409\jars\maven-resolver-spi-1.9.22.jar
2025-06-11 10:12:36,169 [Worker-10: Launching mavenrun-dcf9edba-cba8-4747-a5f0-44b6afb631ba] INFO  o.eclipse.m2e.core.internal.Bundles - 	Entry: C:\Users\admin\.p2\pool\plugins\org.eclipse.m2e.maven.runtime_3.9.900.20240824-1409\jars\maven-resolver-transport-file-1.9.22.jar
2025-06-11 10:12:36,169 [Worker-10: Launching mavenrun-dcf9edba-cba8-4747-a5f0-44b6afb631ba] INFO  o.eclipse.m2e.core.internal.Bundles - 	Entry: C:\Users\admin\.p2\pool\plugins\org.eclipse.m2e.maven.runtime_3.9.900.20240824-1409\jars\maven-resolver-transport-http-1.9.22.jar
2025-06-11 10:12:36,169 [Worker-10: Launching mavenrun-dcf9edba-cba8-4747-a5f0-44b6afb631ba] INFO  o.eclipse.m2e.core.internal.Bundles - 	Entry: C:\Users\admin\.p2\pool\plugins\org.eclipse.m2e.maven.runtime_3.9.900.20240824-1409\jars\maven-resolver-transport-wagon-1.9.22.jar
2025-06-11 10:12:36,171 [Worker-10: Launching mavenrun-dcf9edba-cba8-4747-a5f0-44b6afb631ba] INFO  o.eclipse.m2e.core.internal.Bundles - 	Entry: C:\Users\admin\.p2\pool\plugins\org.eclipse.m2e.maven.runtime_3.9.900.20240824-1409\jars\maven-resolver-util-1.9.22.jar
2025-06-11 10:12:36,171 [Worker-10: Launching mavenrun-dcf9edba-cba8-4747-a5f0-44b6afb631ba] INFO  o.eclipse.m2e.core.internal.Bundles - 	Entry: C:\Users\admin\.p2\pool\plugins\org.eclipse.m2e.maven.runtime_3.9.900.20240824-1409\jars\maven-settings-3.9.9.jar
2025-06-11 10:12:36,171 [Worker-10: Launching mavenrun-dcf9edba-cba8-4747-a5f0-44b6afb631ba] INFO  o.eclipse.m2e.core.internal.Bundles - 	Entry: C:\Users\admin\.p2\pool\plugins\org.eclipse.m2e.maven.runtime_3.9.900.20240824-1409\jars\maven-settings-builder-3.9.9.jar
2025-06-11 10:12:36,171 [Worker-10: Launching mavenrun-dcf9edba-cba8-4747-a5f0-44b6afb631ba] INFO  o.eclipse.m2e.core.internal.Bundles - 	Entry: C:\Users\admin\.p2\pool\plugins\org.eclipse.m2e.maven.runtime_3.9.900.20240824-1409\jars\maven-shared-utils-3.4.2.jar
2025-06-11 10:12:36,171 [Worker-10: Launching mavenrun-dcf9edba-cba8-4747-a5f0-44b6afb631ba] INFO  o.eclipse.m2e.core.internal.Bundles - 	Entry: C:\Users\admin\.p2\pool\plugins\org.eclipse.m2e.maven.runtime_3.9.900.20240824-1409\jars\org.eclipse.sisu.inject-0.9.0.M3.jar
2025-06-11 10:12:36,171 [Worker-10: Launching mavenrun-dcf9edba-cba8-4747-a5f0-44b6afb631ba] INFO  o.eclipse.m2e.core.internal.Bundles - 	Entry: C:\Users\admin\.p2\pool\plugins\org.eclipse.m2e.maven.runtime_3.9.900.20240824-1409\jars\org.eclipse.sisu.plexus-0.9.0.M3.jar
2025-06-11 10:12:36,171 [Worker-10: Launching mavenrun-dcf9edba-cba8-4747-a5f0-44b6afb631ba] INFO  o.eclipse.m2e.core.internal.Bundles - 	Entry: C:\Users\admin\.p2\pool\plugins\org.eclipse.m2e.maven.runtime_3.9.900.20240824-1409\jars\plexus-build-api-0.0.7.jar
2025-06-11 10:12:36,171 [Worker-10: Launching mavenrun-dcf9edba-cba8-4747-a5f0-44b6afb631ba] INFO  o.eclipse.m2e.core.internal.Bundles - 	Entry: C:\Users\admin\.p2\pool\plugins\org.eclipse.m2e.maven.runtime_3.9.900.20240824-1409\jars\plexus-build-api-1.2.0.jar
2025-06-11 10:12:36,171 [Worker-10: Launching mavenrun-dcf9edba-cba8-4747-a5f0-44b6afb631ba] INFO  o.eclipse.m2e.core.internal.Bundles - 	Entry: C:\Users\admin\.p2\pool\plugins\org.eclipse.m2e.maven.runtime_3.9.900.20240824-1409\jars\plexus-cipher-2.0.jar
2025-06-11 10:12:36,171 [Worker-10: Launching mavenrun-dcf9edba-cba8-4747-a5f0-44b6afb631ba] INFO  o.eclipse.m2e.core.internal.Bundles - 	Entry: C:\Users\admin\.p2\pool\plugins\org.eclipse.m2e.maven.runtime_3.9.900.20240824-1409\jars\plexus-classworlds-2.8.0.jar
2025-06-11 10:12:36,172 [Worker-10: Launching mavenrun-dcf9edba-cba8-4747-a5f0-44b6afb631ba] INFO  o.eclipse.m2e.core.internal.Bundles - 	Entry: C:\Users\admin\.p2\pool\plugins\org.eclipse.m2e.maven.runtime_3.9.900.20240824-1409\jars\plexus-component-annotations-2.1.0.jar
2025-06-11 10:12:36,172 [Worker-10: Launching mavenrun-dcf9edba-cba8-4747-a5f0-44b6afb631ba] INFO  o.eclipse.m2e.core.internal.Bundles - 	Entry: C:\Users\admin\.p2\pool\plugins\org.eclipse.m2e.maven.runtime_3.9.900.20240824-1409\jars\plexus-interpolation-1.27.jar
2025-06-11 10:12:36,172 [Worker-10: Launching mavenrun-dcf9edba-cba8-4747-a5f0-44b6afb631ba] INFO  o.eclipse.m2e.core.internal.Bundles - 	Entry: C:\Users\admin\.p2\pool\plugins\org.eclipse.m2e.maven.runtime_3.9.900.20240824-1409\jars\plexus-sec-dispatcher-2.0.jar
2025-06-11 10:12:36,172 [Worker-10: Launching mavenrun-dcf9edba-cba8-4747-a5f0-44b6afb631ba] INFO  o.eclipse.m2e.core.internal.Bundles - 	Entry: C:\Users\admin\.p2\pool\plugins\org.eclipse.m2e.maven.runtime_3.9.900.20240824-1409\jars\plexus-utils-3.5.1.jar
2025-06-11 10:12:36,172 [Worker-10: Launching mavenrun-dcf9edba-cba8-4747-a5f0-44b6afb631ba] INFO  o.eclipse.m2e.core.internal.Bundles - 	Entry: C:\Users\admin\.p2\pool\plugins\org.eclipse.m2e.maven.runtime_3.9.900.20240824-1409\jars\plexus-xml-3.0.1.jar
2025-06-11 10:12:36,172 [Worker-10: Launching mavenrun-dcf9edba-cba8-4747-a5f0-44b6afb631ba] INFO  o.eclipse.m2e.core.internal.Bundles - 	Entry: C:\Users\admin\.p2\pool\plugins\org.eclipse.m2e.maven.runtime_3.9.900.20240824-1409\jars\wagon-file-3.5.3.jar
2025-06-11 10:12:36,173 [Worker-10: Launching mavenrun-dcf9edba-cba8-4747-a5f0-44b6afb631ba] INFO  o.eclipse.m2e.core.internal.Bundles - 	Entry: C:\Users\admin\.p2\pool\plugins\org.eclipse.m2e.maven.runtime_3.9.900.20240824-1409\jars\wagon-http-3.5.3.jar
2025-06-11 10:12:36,173 [Worker-10: Launching mavenrun-dcf9edba-cba8-4747-a5f0-44b6afb631ba] INFO  o.eclipse.m2e.core.internal.Bundles - 	Entry: C:\Users\admin\.p2\pool\plugins\org.eclipse.m2e.maven.runtime_3.9.900.20240824-1409\jars\wagon-http-shared-3.5.3.jar
2025-06-11 10:12:36,173 [Worker-10: Launching mavenrun-dcf9edba-cba8-4747-a5f0-44b6afb631ba] INFO  o.eclipse.m2e.core.internal.Bundles - 	Entry: C:\Users\admin\.p2\pool\plugins\org.eclipse.m2e.maven.runtime_3.9.900.20240824-1409\jars\wagon-provider-api-3.5.3.jar
2025-06-11 10:12:36,174 [Worker-10: Launching mavenrun-dcf9edba-cba8-4747-a5f0-44b6afb631ba] INFO  o.eclipse.m2e.core.internal.Bundles - getClasspathEntries(Bundle=com.google.guava_33.3.0.jre [10])
2025-06-11 10:12:36,176 [Worker-10: Launching mavenrun-dcf9edba-cba8-4747-a5f0-44b6afb631ba] INFO  o.eclipse.m2e.core.internal.Bundles - 	Entry: C:\Users\admin\.p2\pool\plugins\com.google.guava_33.3.0.jre.jar
2025-06-11 10:12:36,176 [Worker-10: Launching mavenrun-dcf9edba-cba8-4747-a5f0-44b6afb631ba] INFO  o.eclipse.m2e.core.internal.Bundles - getClasspathEntries(Bundle=slf4j.api_2.0.16 [521])
2025-06-11 10:12:36,176 [Worker-10: Launching mavenrun-dcf9edba-cba8-4747-a5f0-44b6afb631ba] INFO  o.eclipse.m2e.core.internal.Bundles - 	Entry: C:\Users\admin\.p2\pool\plugins\slf4j.api_2.0.16.jar
2025-06-11 10:12:36,176 [Worker-10: Launching mavenrun-dcf9edba-cba8-4747-a5f0-44b6afb631ba] INFO  o.eclipse.m2e.core.internal.Bundles - getClasspathEntries(Bundle=jakarta.inject.jakarta.inject-api_1.0.5 [22])
2025-06-11 10:12:36,176 [Worker-10: Launching mavenrun-dcf9edba-cba8-4747-a5f0-44b6afb631ba] INFO  o.eclipse.m2e.core.internal.Bundles - 	Entry: C:\Users\admin\.p2\pool\plugins\jakarta.inject.jakarta.inject-api_1.0.5.jar
2025-06-11 10:12:36,176 [Worker-10: Launching mavenrun-dcf9edba-cba8-4747-a5f0-44b6afb631ba] INFO  o.eclipse.m2e.core.internal.Bundles - getClasspathEntries(Bundle=jakarta.annotation-api_1.3.5 [20])
2025-06-11 10:12:36,177 [Worker-10: Launching mavenrun-dcf9edba-cba8-4747-a5f0-44b6afb631ba] INFO  o.eclipse.m2e.core.internal.Bundles - 	Entry: C:\Users\admin\.p2\pool\plugins\jakarta.annotation-api_1.3.5.jar
2025-06-11 10:12:36,177 [Worker-10: Launching mavenrun-dcf9edba-cba8-4747-a5f0-44b6afb631ba] INFO  o.eclipse.m2e.core.internal.Bundles - getClasspathEntries(Bundle=org.apache.commons.cli_1.9.0 [47])
2025-06-11 10:12:36,177 [Worker-10: Launching mavenrun-dcf9edba-cba8-4747-a5f0-44b6afb631ba] INFO  o.eclipse.m2e.core.internal.Bundles - 	Entry: C:\Users\admin\.p2\pool\plugins\org.apache.commons.cli_1.9.0.jar
2025-06-11 10:12:36,178 [Worker-10: Launching mavenrun-dcf9edba-cba8-4747-a5f0-44b6afb631ba] INFO  o.eclipse.m2e.core.internal.Bundles - getClasspathEntries(Bundle=org.apache.commons.commons-codec_1.16.0 [50])
2025-06-11 10:12:36,178 [Worker-10: Launching mavenrun-dcf9edba-cba8-4747-a5f0-44b6afb631ba] INFO  o.eclipse.m2e.core.internal.Bundles - 	Entry: C:\Users\admin\.p2\pool\plugins\org.apache.commons.commons-codec_1.16.0.jar
2025-06-11 10:12:36,178 [Worker-10: Launching mavenrun-dcf9edba-cba8-4747-a5f0-44b6afb631ba] INFO  o.eclipse.m2e.core.internal.Bundles - getClasspathEntries(Bundle=com.google.guava.failureaccess_1.0.2 [11])
2025-06-11 10:12:36,178 [Worker-10: Launching mavenrun-dcf9edba-cba8-4747-a5f0-44b6afb631ba] INFO  o.eclipse.m2e.core.internal.Bundles - 	Entry: C:\Users\admin\.p2\pool\plugins\com.google.guava.failureaccess_1.0.2.jar
2025-06-11 10:12:36,184 [Worker-10: Launching mavenrun-dcf9edba-cba8-4747-a5f0-44b6afb631ba] INFO  o.e.m.i.launch.MavenLaunchDelegate - Run build in "C:\Users\admin\AppData\Local\Temp\m2e-archetypeGenerator13889205818571618598":
2025-06-11 10:12:36,187 [Worker-10: Launching mavenrun-dcf9edba-cba8-4747-a5f0-44b6afb631ba] INFO  o.e.m.i.launch.MavenLaunchDelegate -  mvn  -DarchetypeGroupId=org.apache.maven.archetypes -DarchetypeArtifactId=maven-archetype-j2ee-simple -DarchetypeVersion=1.5 -DgroupId=com.Jashu -DartifactId=Jaswanth -Dversion=0.0.1-SNAPSHOT -Dpackage=com.Jashu.Jaswanth -DoutputDirectory=C:\java_testing -Dstyle.color=always -U archetype:generate
2025-06-11 10:12:36,345 [Worker-5: Loading available Gradle versions] INFO  o.e.b.c.i.u.g.PublishedGradleVersions - Gradle version information cache is up-to-date. Trying to read.
